#
# There is insufficient memory for the Java Runtime Environment to continue.
# Native memory allocation (malloc) failed to allocate 33856 bytes for Chunk::new
# Possible reasons:
#   The system is out of physical RAM or swap space
#   In 32 bit mode, the process size limit was hit
# Possible solutions:
#   Reduce memory load on the system
#   Increase physical memory or swap space
#   Check if swap backing store is full
#   Use 64 bit Java on a 64 bit OS
#   Decrease Java heap size (-Xmx/-Xms)
#   Decrease number of Java threads
#   Decrease Java thread stack sizes (-Xss)
#   Set larger code cache with -XX:ReservedCodeCacheSize=
# This output file may be truncated or incomplete.
#
#  Out of Memory Error (allocation.cpp:390), pid=196, tid=0x0000000000001ebc
#
# JRE version: OpenJDK Runtime Environment (8.0_76-b03) (build 1.8.0_76-release-b03)
# Java VM: OpenJDK 64-Bit Server VM (25.76-b03 mixed mode windows-amd64 compressed oops)
# Failed to write core dump. Minidumps are not enabled by default on client versions of Windows
#

---------------  T H R E A D  ---------------

Current thread (0x0000000017c04800):  JavaThread "C2 CompilerThread2" daemon [_thread_in_native, id=7868, stack(0x00000000185d0000,0x00000000186d0000)]

Stack: [0x00000000185d0000,0x00000000186d0000]
[error occurred during error reporting (printing stack bounds), id 0xc0000005]

Native frames: (J=compiled Java code, j=interpreted, Vv=VM code, C=native code)


Current CompileTask:
C2:   3356 1721       4       com.android.dx.ssa.LocalVariableExtractor::processBlock (383 bytes)


---------------  P R O C E S S  ---------------

Java Threads: ( => current thread )
  0x000000001a049000 JavaThread "pool-1-thread-1" [_thread_new, id=17636, stack(0x0000000000000000,0x0000000000000000)]
  0x0000000017c8c000 JavaThread "Service Thread" daemon [_thread_blocked, id=14676, stack(0x00000000187d0000,0x00000000188d0000)]
  0x0000000017c20000 JavaThread "C1 CompilerThread3" daemon [_thread_blocked, id=2572, stack(0x00000000186d0000,0x00000000187d0000)]
=>0x0000000017c04800 JavaThread "C2 CompilerThread2" daemon [_thread_in_native, id=7868, stack(0x00000000185d0000,0x00000000186d0000)]
  0x0000000017bfe800 JavaThread "C2 CompilerThread1" daemon [_thread_blocked, id=20828, stack(0x00000000184d0000,0x00000000185d0000)]
  0x0000000017bfb800 JavaThread "C2 CompilerThread0" daemon [_thread_in_native, id=21104, stack(0x00000000183d0000,0x00000000184d0000)]
  0x0000000017bfa000 JavaThread "Attach Listener" daemon [_thread_blocked, id=8600, stack(0x00000000182d0000,0x00000000183d0000)]
  0x0000000017bf9000 JavaThread "Signal Dispatcher" daemon [_thread_blocked, id=6960, stack(0x00000000181d0000,0x00000000182d0000)]
  0x0000000001db7800 JavaThread "Finalizer" daemon [_thread_blocked, id=2160, stack(0x0000000017fd0000,0x00000000180d0000)]
  0x0000000001db4000 JavaThread "Reference Handler" daemon [_thread_blocked, id=10016, stack(0x0000000017ad0000,0x0000000017bd0000)]
  0x0000000001cc1000 JavaThread "main" [_thread_blocked, id=2368, stack(0x0000000001bc0000,0x0000000001cc0000)]

Other Threads:
  0x0000000015d05800 VMThread [stack: 0x00000000179d0000,0x0000000017ad0000] [id=10800]
  0x0000000017c8d000 WatcherThread [stack: 0x00000000188d0000,0x00000000189d0000] [id=11276]

VM state:not at safepoint (normal execution)

VM Mutex/Monitor currently owned by a thread: None

Heap:
 PSYoungGen      total 76288K, used 48567K [0x00000000eab00000, 0x00000000f4000000, 0x0000000100000000)
  eden space 65536K, 57% used [0x00000000eab00000,0x00000000ecff4510,0x00000000eeb00000)
  from space 10752K, 99% used [0x00000000eeb00000,0x00000000ef579a10,0x00000000ef580000)
  to   space 10752K, 0% used [0x00000000f3580000,0x00000000f3580000,0x00000000f4000000)
 ParOldGen       total 175104K, used 752K [0x00000000c0000000, 0x00000000cab00000, 0x00000000eab00000)
  object space 175104K, 0% used [0x00000000c0000000,0x00000000c00bc158,0x00000000cab00000)
 Metaspace       used 6091K, capacity 7152K, committed 7296K, reserved 1056768K
  class space    used 568K, capacity 616K, committed 640K, reserved 1048576K

Card table byte_map: [0x0000000001dc0000,0x0000000001fd0000] byte_map_base: 0x00000000017c0000

Marking Bits: (ParMarkBitMap*) 0x00000000669b9d00
 Begin Bits: [0x0000000013120000, 0x0000000014120000)
 End Bits:   [0x0000000014120000, 0x0000000015120000)

Polling page: 0x0000000001390000

CodeCache: size=245760Kb used=7545Kb max_used=7559Kb free=238214Kb
 bounds [0x0000000003400000, 0x0000000003b70000, 0x0000000012400000]
 total_blobs=1985 nmethods=1722 adapters=176
 compilation: enabled

Compilation events (10 events):
Event: 3.261 Thread 0x0000000017c20000 nmethod 1741 0x0000000003b59090 code [0x0000000003b59240, 0x0000000003b59758]
Event: 3.261 Thread 0x0000000017c20000 1742       3       java.util.concurrent.locks.AbstractQueuedSynchronizer::acquireInterruptibly (28 bytes)
Event: 3.261 Thread 0x0000000017c20000 nmethod 1742 0x0000000003b59990 code [0x0000000003b59b40, 0x0000000003b59f78]
Event: 3.262 Thread 0x0000000017c20000 1743       3       java.util.concurrent.FutureTask::get (23 bytes)
Event: 3.262 Thread 0x0000000017c20000 nmethod 1743 0x0000000003b5f4d0 code [0x0000000003b5f640, 0x0000000003b5f858]
Event: 3.267 Thread 0x0000000017bfe800 nmethod 1715 0x0000000003b5f910 code [0x0000000003b5fd60, 0x0000000003b638c0]
Event: 3.268 Thread 0x0000000017bfe800 1716       4       com.android.dx.ssa.SsaMethod::mapRegisters (87 bytes)
Event: 3.309 Thread 0x0000000017bfe800 nmethod 1716 0x0000000003b69310 code [0x0000000003b69520, 0x0000000003b6a300]
Event: 3.309 Thread 0x0000000017bfe800 1574       4       com.android.dx.rop.type.Type::isIntlike (56 bytes)
Event: 3.310 Thread 0x0000000017bfe800 nmethod 1574 0x0000000003a247d0 code [0x0000000003a24900, 0x0000000003a24978]

GC Heap History (2 events):
Event: 2.529 GC heap before
{Heap before GC invocations=1 (full 0):
 PSYoungGen      total 76288K, used 65536K [0x00000000eab00000, 0x00000000f0000000, 0x0000000100000000)
  eden space 65536K, 100% used [0x00000000eab00000,0x00000000eeb00000,0x00000000eeb00000)
  from space 10752K, 0% used [0x00000000ef580000,0x00000000ef580000,0x00000000f0000000)
  to   space 10752K, 0% used [0x00000000eeb00000,0x00000000eeb00000,0x00000000ef580000)
 ParOldGen       total 175104K, used 0K [0x00000000c0000000, 0x00000000cab00000, 0x00000000eab00000)
  object space 175104K, 0% used [0x00000000c0000000,0x00000000c0000000,0x00000000cab00000)
 Metaspace       used 6008K, capacity 7088K, committed 7296K, reserved 1056768K
  class space    used 565K, capacity 616K, committed 640K, reserved 1048576K
Event: 2.745 GC heap after
Heap after GC invocations=1 (full 0):
 PSYoungGen      total 76288K, used 10726K [0x00000000eab00000, 0x00000000f4000000, 0x0000000100000000)
  eden space 65536K, 0% used [0x00000000eab00000,0x00000000eab00000,0x00000000eeb00000)
  from space 10752K, 99% used [0x00000000eeb00000,0x00000000ef579a10,0x00000000ef580000)
  to   space 10752K, 0% used [0x00000000f3580000,0x00000000f3580000,0x00000000f4000000)
 ParOldGen       total 175104K, used 752K [0x00000000c0000000, 0x00000000cab00000, 0x00000000eab00000)
  object space 175104K, 0% used [0x00000000c0000000,0x00000000c00bc158,0x00000000cab00000)
 Metaspace       used 6008K, capacity 7088K, committed 7296K, reserved 1056768K
  class space    used 565K, capacity 616K, committed 640K, reserved 1048576K
}

Deoptimization events (10 events):
Event: 2.445 Thread 0x0000000017ef6000 Uncommon trap: reason=unstable_if action=reinterpret pc=0x000000000366f09c method=com.android.dx.rop.cst.Constant.compareTo(Lcom/android/dx/rop/cst/Constant;)I @ 12
Event: 2.886 Thread 0x0000000017eb8000 Uncommon trap: reason=null_check action=make_not_entrant pc=0x000000000375c3a8 method=com.android.dx.rop.type.Type.equals(Ljava/lang/Object;)Z @ 8
Event: 2.938 Thread 0x0000000017ef7800 Uncommon trap: reason=bimorphic action=maybe_recompile pc=0x00000000037e9088 method=java.util.HashMap.putVal(ILjava/lang/Object;Ljava/lang/Object;ZZ)Ljava/lang/Object; @ 91
Event: 2.938 Thread 0x0000000017ef7800 Uncommon trap: reason=bimorphic action=maybe_recompile pc=0x00000000037e9088 method=java.util.HashMap.putVal(ILjava/lang/Object;Ljava/lang/Object;ZZ)Ljava/lang/Object; @ 91
Event: 2.938 Thread 0x0000000017ef7800 Uncommon trap: reason=bimorphic action=maybe_recompile pc=0x00000000037e9088 method=java.util.HashMap.putVal(ILjava/lang/Object;Ljava/lang/Object;ZZ)Ljava/lang/Object; @ 91
Event: 2.944 Thread 0x0000000017eb8000 Uncommon trap: reason=unstable_if action=reinterpret pc=0x00000000039a05c4 method=com.android.dx.ssa.SsaRenamer$BlockRenamer.addMapping(ILcom/android/dx/rop/code/RegisterSpec;)V @ 120
Event: 2.955 Thread 0x0000000017eb8000 Uncommon trap: reason=bimorphic action=maybe_recompile pc=0x0000000003aa0224 method=com.android.dx.rop.code.RegisterSpec.withSimpleType()Lcom/android/dx/rop/code/RegisterSpec; @ 21
Event: 2.955 Thread 0x0000000017eb8000 Uncommon trap: reason=bimorphic action=maybe_recompile pc=0x0000000003aa0224 method=com.android.dx.rop.code.RegisterSpec.withSimpleType()Lcom/android/dx/rop/code/RegisterSpec; @ 21
Event: 2.959 Thread 0x0000000017eb8000 Uncommon trap: reason=bimorphic action=maybe_recompile pc=0x0000000003aa0224 method=com.android.dx.rop.code.RegisterSpec.withSimpleType()Lcom/android/dx/rop/code/RegisterSpec; @ 21
Event: 2.959 Thread 0x0000000017eb8000 Uncommon trap: reason=bimorphic action=maybe_recompile pc=0x0000000003aa0224 method=com.android.dx.rop.code.RegisterSpec.withSimpleType()Lcom/android/dx/rop/code/RegisterSpec; @ 21

Internal exceptions (5 events):
Event: 0.095 Thread 0x0000000001cc1000 Exception <a 'java/lang/NoSuchMethodError': Method sun.misc.Unsafe.defineClass(Ljava/lang/String;[BII)Ljava/lang/Class; name or signature does not match> (0x00000000eab07cc0) thrown at [C:\src\android\AOSP-openjdk\external\jetbrains\jdk\hotspot\src\share\v∏ıtÍM∏?
Event: 0.095 Thread 0x0000000001cc1000 Exception <a 'java/lang/NoSuchMethodError': Method sun.misc.Unsafe.prefetchRead(Ljava/lang/Object;J)V name or signature does not match> (0x00000000eab07fa8) thrown at [C:\src\android\AOSP-openjdk\external\jetbrains\jdk\hotspot\src\share\vm\prims\jni.cpp, le!â èFˇ?
Event: 1.955 Thread 0x0000000017ef7800 Implicit null exception at 0x000000000392fbc8 to 0x0000000003931089
Event: 2.334 Thread 0x0000000017eb8000 Implicit null exception at 0x000000000397b356 to 0x000000000397c7a9
Event: 2.886 Thread 0x0000000017eb8000 Implicit null exception at 0x000000000375c2a2 to 0x000000000375c39a

Events (10 events):
Event: 2.994 loading class java/util/HashMap$KeyIterator
Event: 2.994 loading class java/util/HashMap$KeyIterator done
Event: 2.994 Thread 0x0000000017eb8000 Thread exited: 0x0000000017eb8000
Event: 2.994 Thread 0x0000000017ef7800 Thread exited: 0x0000000017ef7800
Event: 3.059 Thread 0x0000000017ef6000 Thread exited: 0x0000000017ef6000
Event: 3.196 Thread 0x0000000017ef6800 Thread exited: 0x0000000017ef6800
Event: 3.261 Thread 0x0000000017eb8800 Thread exited: 0x0000000017eb8800
Event: 3.265 loading class com/android/dx/command/dexer/Main$DexWriter
Event: 3.265 loading class com/android/dx/command/dexer/Main$DexWriter done
Event: 3.266 Thread 0x000000001a049000 Thread added: 0x000000001a049000


Dynamic libraries:
0x00007ff65c360000 - 0x00007ff65c391000 	C:\Program Files\Android\Android Studio\jre\bin\java.exe
0x00007ffbe8a60000 - 0x00007ffbe8c31000 	C:\WINDOWS\SYSTEM32\ntdll.dll
0x00007ffbe7570000 - 0x00007ffbe761b000 	C:\WINDOWS\System32\KERNEL32.DLL
0x00007ffbe5190000 - 0x00007ffbe53ad000 	C:\WINDOWS\System32\KERNELBASE.dll
0x00007ffbe77a0000 - 0x00007ffbe7842000 	C:\WINDOWS\System32\ADVAPI32.dll
0x00007ffbe8030000 - 0x00007ffbe80ce000 	C:\WINDOWS\System32\msvcrt.dll
0x00007ffbe7f60000 - 0x00007ffbe7fb9000 	C:\WINDOWS\System32\sechost.dll
0x00007ffbe7640000 - 0x00007ffbe7761000 	C:\WINDOWS\System32\RPCRT4.dll
0x00007ffbe7d50000 - 0x00007ffbe7eb5000 	C:\WINDOWS\System32\USER32.dll
0x00007ffbe4f50000 - 0x00007ffbe4f6e000 	C:\WINDOWS\System32\win32u.dll
0x00007ffbe8190000 - 0x00007ffbe81c4000 	C:\WINDOWS\System32\GDI32.dll
0x00007ffbe5e60000 - 0x00007ffbe5fe2000 	C:\WINDOWS\System32\gdi32full.dll
0x00007ffbd9890000 - 0x00007ffbd9b09000 	C:\WINDOWS\WinSxS\amd64_microsoft.windows.common-controls_6595b64144ccf1df_6.0.14393.447_none_42191651c6827bb3\COMCTL32.dll
0x00007ffbe7a80000 - 0x00007ffbe7d48000 	C:\WINDOWS\System32\combase.dll
0x00007ffbe5cb0000 - 0x00007ffbe5da5000 	C:\WINDOWS\System32\ucrtbase.dll
0x00007ffbe53b0000 - 0x00007ffbe541a000 	C:\WINDOWS\System32\bcryptPrimitives.dll
0x00007ffbe7770000 - 0x00007ffbe779e000 	C:\WINDOWS\System32\IMM32.DLL
0x0000000066120000 - 0x00000000661f2000 	C:\Program Files\Android\Android Studio\jre\jre\bin\msvcr100.dll
0x0000000066200000 - 0x0000000066a34000 	C:\Program Files\Android\Android Studio\jre\jre\bin\server\jvm.dll
0x00007ffbe81d0000 - 0x00007ffbe81d8000 	C:\WINDOWS\System32\PSAPI.DLL
0x00007ffbd3460000 - 0x00007ffbd3469000 	C:\WINDOWS\SYSTEM32\WSOCK32.dll
0x00007ffbe7850000 - 0x00007ffbe78ba000 	C:\WINDOWS\System32\WS2_32.dll
0x00007ffbe23e0000 - 0x00007ffbe2403000 	C:\WINDOWS\SYSTEM32\WINMM.dll
0x00007ffbde370000 - 0x00007ffbde37a000 	C:\WINDOWS\SYSTEM32\VERSION.dll
0x00007ffbe2360000 - 0x00007ffbe238b000 	C:\WINDOWS\SYSTEM32\WINMMBASE.dll
0x00007ffbe4f70000 - 0x00007ffbe4fb2000 	C:\WINDOWS\System32\cfgmgr32.dll
0x00007ffbdc480000 - 0x00007ffbdc48f000 	C:\Program Files\Android\Android Studio\jre\jre\bin\verify.dll
0x00007ffbd9db0000 - 0x00007ffbd9dd9000 	C:\Program Files\Android\Android Studio\jre\jre\bin\java.dll
0x00007ffbd83e0000 - 0x00007ffbd83f6000 	C:\Program Files\Android\Android Studio\jre\jre\bin\zip.dll
0x00007ffbe5ff0000 - 0x00007ffbe74f9000 	C:\WINDOWS\System32\SHELL32.dll
0x00007ffbe5420000 - 0x00007ffbe5afa000 	C:\WINDOWS\System32\windows.storage.dll
0x00007ffbe4ef0000 - 0x00007ffbe4f3c000 	C:\WINDOWS\System32\powrprof.dll
0x00007ffbe7500000 - 0x00007ffbe7552000 	C:\WINDOWS\System32\shlwapi.dll
0x00007ffbe4ee0000 - 0x00007ffbe4eef000 	C:\WINDOWS\System32\kernel.appcore.dll
0x00007ffbe5c00000 - 0x00007ffbe5ca9000 	C:\WINDOWS\System32\shcore.dll
0x00007ffbe4ec0000 - 0x00007ffbe4ed4000 	C:\WINDOWS\System32\profapi.dll

VM Arguments:
jvm_args: -Djava.awt.headless=true -Xmx1024M -Dfile.encoding=windows-1250 -Duser.country=PL -Duser.language=pl -Duser.variant 
java_command: com.android.dx.command.Main --dex --force-jumbo --num-threads=4 --multi-dex --output C:\Users\AdamC\AndroidStudioProjects\Pulsometr\app\build\intermediates\transforms\dex\debug\folders\1000\10\com.android.support-support-media-compat-25.0.1_0380f4f2a05e68ba9e40e70938c8518cf98640b0 C:\Users\AdamC\AndroidStudioProjects\Pulsometr\app\build\intermediates\exploded-aar\com.android.support\support-media-compat\25.0.1\jars\classes.jar
java_class_path (initial): F:\AndroidSDK\build-tools\25.0.2\lib\dx.jar
Launcher Type: SUN_STANDARD

Environment Variables:
PATH=C:\ProgramData\Oracle\Java\javapath;C:\WINDOWS\system32;C:\WINDOWS;C:\WINDOWS\System32\Wbem;C:\WINDOWS\System32\WindowsPowerShell\v1.0\;C:\Program Files (x86)\NVIDIA Corporation\PhysX\Common;C:\WINDOWS\system32\config\systemprofile\.dnx\bin;C:\Program Files\Microsoft DNX\Dnvm\;C:\Program Files (x86)\Windows Kits\8.1\Windows Performance Toolkit\;C:\Program Files\Microsoft SQL Server\130\Tools\Binn\;C:\Program Files\Git\cmd;C:\Users\AdamC\AppData\Local\Microsoft\WindowsApps;;C:\Program Files\Docker Toolbox
USERNAME=AdamC
OS=Windows_NT
PROCESSOR_IDENTIFIER=Intel64 Family 6 Model 60 Stepping 3, GenuineIntel



---------------  S Y S T E M  ---------------

OS: Windows 10.0 , 64 bit Build 14393 (10.0.14393.0)

CPU:total 8 (4 cores per cpu, 2 threads per core) family 6 model 60 stepping 3, cmov, cx8, fxsr, mmx, sse, sse2, sse3, ssse3, sse4.1, sse4.2, popcnt, avx, avx2, aes, clmul, erms, lzcnt, ht, tsc, tscinvbit, bmi1, bmi2

Memory: 4k page, physical 16691564k(2354284k free), swap 19694956k(4076k free)

vm_info: OpenJDK 64-Bit Server VM (25.76-b03) for windows-amd64 JRE (1.8.0_76-release-b03), built on Jun 29 2016 19:09:20 by "ralucas" with MS VC++ 10.0 (VS2010)

time: Fri Feb 03 17:57:04 2017
elapsed time: 3 seconds (0d 0h 0m 3s)

